c:\projects\chm\debug\vc142.pdb
c:\projects\chm\debug\vc142.idb
c:\projects\chm\debug\watchdog.obj
c:\projects\chm\debug\system.obj
c:\projects\chm\debug\subscriptionhandler.obj
c:\projects\chm\debug\member.obj
c:\projects\chm\debug\bsp.obj
c:\projects\chm\debug\chm.obj
c:\projects\chm\debug\main.obj
c:\projects\chm\debug\test.obj
c:\projects\chm\debug\chm.pdb
c:\projects\chm\debug\chm.tlog\cl.command.1.tlog
c:\projects\chm\debug\chm.tlog\cl.read.1.tlog
c:\projects\chm\debug\chm.tlog\cl.write.1.tlog
c:\projects\chm\debug\chm.tlog\link-cvtres.read.1.tlog
c:\projects\chm\debug\chm.tlog\link-cvtres.write.1.tlog
c:\projects\chm\debug\chm.tlog\link-rc.read.1.tlog
c:\projects\chm\debug\chm.tlog\link-rc.write.1.tlog
c:\projects\chm\debug\chm.tlog\link.command.1.tlog
c:\projects\chm\debug\chm.tlog\link.read.1.tlog
c:\projects\chm\debug\chm.tlog\link.write.1.tlog
