c:\qp\qpcpp\examples\workstation\chm6\release\vc142.pdb
c:\qp\qpcpp\examples\workstation\chm6\release\watchdog.obj
c:\qp\qpcpp\examples\workstation\chm6\release\system.obj
c:\qp\qpcpp\examples\workstation\chm6\release\chm.obj
c:\qp\qpcpp\examples\workstation\chm6\release\member.obj
c:\qp\qpcpp\examples\workstation\chm6\release\main.obj
c:\qp\qpcpp\examples\workstation\chm6\release\bsp.obj
c:\qp\qpcpp\examples\workstation\chm6\release\qstamp.obj
c:\qp\qpcpp\examples\workstation\chm6\release\dpp.lib
c:\qp\qpcpp\examples\workstation\chm6\release\dpp.exp
c:\qp\qpcpp\examples\workstation\chm6\release\dpp.ipdb
c:\qp\qpcpp\examples\workstation\chm6\release\dpp.iobj
c:\qp\qpcpp\examples\workstation\chm6\release\dpp.exe
c:\qp\qpcpp\examples\workstation\chm6\release\dpp.pdb
c:\qp\qpcpp\examples\workstation\chm6\release\dpp.tlog\cl.command.1.tlog
c:\qp\qpcpp\examples\workstation\chm6\release\dpp.tlog\cl.read.1.tlog
c:\qp\qpcpp\examples\workstation\chm6\release\dpp.tlog\cl.write.1.tlog
c:\qp\qpcpp\examples\workstation\chm6\release\dpp.tlog\dpp.write.1u.tlog
c:\qp\qpcpp\examples\workstation\chm6\release\dpp.tlog\link.command.1.tlog
c:\qp\qpcpp\examples\workstation\chm6\release\dpp.tlog\link.delete.1.tlog
c:\qp\qpcpp\examples\workstation\chm6\release\dpp.tlog\link.read.1.tlog
c:\qp\qpcpp\examples\workstation\chm6\release\dpp.tlog\link.write.1.tlog
