  qstamp.cpp
  chm.cpp
C:\qp\qpcpp\examples\workstation\chm4\chm.cpp(82,22): warning C4245:  '=': conversion from 'int' to 'uint16_t', signed/unsigned mismatch
C:\qp\qpcpp\examples\workstation\chm4\chm.cpp(113,18): warning C4457:  declaration of 'e' hides function parameter
C:\qp\qpcpp\examples\workstation\chm4\chm.cpp(104,2): message :  see declaration of 'e'
C:\qp\qpcpp\examples\workstation\chm4\chm.cpp(124,20): warning C4244:  '=': conversion from 'int' to 'uint8_t', possible loss of data
C:\qp\qpcpp\examples\workstation\chm4\chm.cpp(193,13): warning C4101:  'ev': unreferenced local variable
C:\Program Files (x86)\Microsoft Visual Studio\2019\Community\VC\Tools\MSVC\14.22.27905\include\ostream(237,1): warning C4530:  C++ exception handler used, but unwind semantics are not enabled. Specify /EHsc
C:\Program Files (x86)\Microsoft Visual Studio\2019\Community\VC\Tools\MSVC\14.22.27905\include\ostream(230): message :  while compiling class template member function 'std::basic_ostream<char,std::char_traits<char>> &std::basic_ostream<char,std::char_traits<char>>::operator <<(unsigned short)'
C:\qp\qpcpp\examples\workstation\chm4\chm.cpp(203): message :  see reference to function template instantiation 'std::basic_ostream<char,std::char_traits<char>> &std::basic_ostream<char,std::char_traits<char>>::operator <<(unsigned short)' being compiled
C:\qp\qpcpp\examples\workstation\chm4\chm.cpp(111): message :  see reference to class template instantiation 'std::basic_ostream<char,std::char_traits<char>>' being compiled
  "C:\Program Files (x86)\Microsoft Visual Studio\2019\Community\VC\Tools\MSVC\14.22.27905\bin\HostX86\x86\lib.exe" /out:"C:\qp\qpcpp\examples\workstation\chm4\Release\dpp.lib" "Release\*.obj"
  Microsoft (R) Library Manager Version 14.22.27905.0
  Copyright (C) Microsoft Corporation.  All rights reserved.
  
  Generating code
  2 of 553 functions ( 0.4%) were compiled, the rest were copied from previous compilation.
    0 functions were new in current compilation
    1 functions had inline decision re-evaluated but remain unchanged
  Finished generating code
  dpp.vcxproj -> C:\qp\qpcpp\examples\workstation\chm4\Release\dpp.exe
